<?xml version="1.0" encoding="UTF-8"?>
<testng-results ignored="0" total="1" passed="1" failed="0" skipped="0">
  <reporter-output>
  </reporter-output>
  <suite started-at="2025-01-26T22:37:22 IST" name="Suite" finished-at="2025-01-26T22:37:32 IST" duration-ms="10112">
    <groups>
    </groups>
    <test started-at="2025-01-26T22:37:22 IST" name="Test" finished-at="2025-01-26T22:37:32 IST" duration-ms="10112">
      <class name="demo.automation.tests.RegisterPageTest">
        <test-method is-config="true" signature="setUp(java.lang.String)[pri:0, instance:demo.automation.tests.RegisterPageTest@5e2c3d18]" started-at="2025-01-26T22:37:22 IST" name="setUp" finished-at="2025-01-26T22:37:24 IST" duration-ms="2461" status="PASS">
          <params>
            <param index="0">
              <value>
                <![CDATA[chrome]]>
              </value>
            </param>
          </params>
          <reporter-output>
          </reporter-output>
        </test-method> <!-- setUp -->
        <test-method signature="testUserRegistration()[pri:0, instance:demo.automation.tests.RegisterPageTest@5e2c3d18]" started-at="2025-01-26T22:37:24 IST" name="testUserRegistration" finished-at="2025-01-26T22:37:32 IST" duration-ms="7576" status="PASS">
          <reporter-output>
          </reporter-output>
        </test-method> <!-- testUserRegistration -->
      </class> <!-- demo.automation.tests.RegisterPageTest -->
    </test> <!-- Test -->
  </suite> <!-- Suite -->
</testng-results>
