<?xml version="1.0" encoding="UTF-8"?>
<testng-results ignored="0" total="1" passed="1" failed="0" skipped="0">
  <reporter-output>
  </reporter-output>
  <suite started-at="2025-02-01T14:39:37 IST" name="Suite" finished-at="2025-02-01T14:39:51 IST" duration-ms="13949">
    <groups>
    </groups>
    <test started-at="2025-02-01T14:39:37 IST" name="RegisterPageTest" finished-at="2025-02-01T14:39:51 IST" duration-ms="13949">
      <class name="demo.automation.tests.RegisterPageTest">
        <test-method is-config="true" signature="setUp(java.lang.String,java.lang.String)[pri:0, instance:demo.automation.tests.RegisterPageTest@8f2ef19]" started-at="2025-02-01T14:39:37 IST" name="setUp" finished-at="2025-02-01T14:39:47 IST" duration-ms="10066" status="PASS">
          <params>
            <param index="0">
              <value>
                <![CDATA[chrome]]>
              </value>
            </param>
            <param index="1">
              <value>
                <![CDATA[https://demo.automationtesting.in/Register.html]]>
              </value>
            </param>
          </params>
          <reporter-output>
          </reporter-output>
        </test-method> <!-- setUp -->
        <test-method signature="testUserRegistration()[pri:0, instance:demo.automation.tests.RegisterPageTest@8f2ef19]" started-at="2025-02-01T14:39:48 IST" name="testUserRegistration" finished-at="2025-02-01T14:39:51 IST" duration-ms="3791" status="PASS">
          <reporter-output>
          </reporter-output>
        </test-method> <!-- testUserRegistration -->
      </class> <!-- demo.automation.tests.RegisterPageTest -->
    </test> <!-- RegisterPageTest -->
  </suite> <!-- Suite -->
</testng-results>
